c:\users\admin\desktop\1 month intern\minigamestarter\trainingframework\debug-amd\vc142.pdb
c:\users\admin\desktop\1 month intern\minigamestarter\trainingframework\debug-amd\vc142.idb
c:\users\admin\desktop\1 month intern\minigamestarter\trainingframework\debug-amd\trainingframework.obj
c:\users\admin\desktop\1 month intern\minigamestarter\trainingframework\debug-amd\gsplay.obj
c:\users\admin\desktop\1 month intern\minigamestarter\trainingframework\debug-amd\gsmenu.obj
c:\users\admin\desktop\1 month intern\minigamestarter\trainingframework\debug-amd\gsintro.obj
c:\users\admin\desktop\1 month intern\minigamestarter\trainingframework\debug-amd\gamestatemachine.obj
c:\users\admin\desktop\1 month intern\minigamestarter\trainingframework\debug-amd\gamestatebase.obj
c:\users\admin\desktop\1 month intern\minigamestarter\trainingframework\debug-amd\texture.obj
c:\users\admin\desktop\1 month intern\minigamestarter\trainingframework\debug-amd\text.obj
c:\users\admin\desktop\1 month intern\minigamestarter\trainingframework\debug-amd\shader.obj
c:\users\admin\desktop\1 month intern\minigamestarter\trainingframework\debug-amd\model.obj
c:\users\admin\desktop\1 month intern\minigamestarter\trainingframework\debug-amd\sprite3d.obj
c:\users\admin\desktop\1 month intern\minigamestarter\trainingframework\debug-amd\camera.obj
c:\users\admin\desktop\1 month intern\minigamestarter\trainingframework\debug-amd\sprite2d.obj
c:\users\admin\desktop\1 month intern\minigamestarter\trainingframework\debug-amd\gamebutton.obj
c:\users\admin\desktop\1 month intern\minigamestarter\trainingframework\debug-amd\font.obj
c:\users\admin\desktop\1 month intern\minigamestarter\trainingframework\debug-amd\resourcemanagers.obj
c:\users\admin\desktop\1 month intern\minigamestarter\trainingframework\debug-amd\application.obj
c:\users\admin\desktop\1 month intern\minigamestarter\trainingframework\debug-amd\trainingframework.ilk
c:\users\admin\desktop\1 month intern\minigamestarter\bin-amd\trainingframework.exe
c:\users\admin\desktop\1 month intern\minigamestarter\bin-amd\trainingframework.pdb
c:\users\admin\desktop\1 month intern\minigamestarter\\bin-amd\trainingframework.pdb
c:\users\admin\desktop\1 month intern\minigamestarter\trainingframework\debug-amd\training.fc024ec8.tlog\cl.command.1.tlog
c:\users\admin\desktop\1 month intern\minigamestarter\trainingframework\debug-amd\training.fc024ec8.tlog\cl.read.1.tlog
c:\users\admin\desktop\1 month intern\minigamestarter\trainingframework\debug-amd\training.fc024ec8.tlog\cl.write.1.tlog
c:\users\admin\desktop\1 month intern\minigamestarter\trainingframework\debug-amd\training.fc024ec8.tlog\link.command.1.tlog
c:\users\admin\desktop\1 month intern\minigamestarter\trainingframework\debug-amd\training.fc024ec8.tlog\link.read.1.tlog
c:\users\admin\desktop\1 month intern\minigamestarter\trainingframework\debug-amd\training.fc024ec8.tlog\link.write.1.tlog
