d:\gameloft\lesson5\minigamestarter\trainingframework\debug-angle\vc142.pdb
d:\gameloft\lesson5\minigamestarter\trainingframework\debug-angle\vc142.idb
d:\gameloft\lesson5\minigamestarter\trainingframework\debug-angle\trainingframework.obj
d:\gameloft\lesson5\minigamestarter\trainingframework\debug-angle\gsplay.obj
d:\gameloft\lesson5\minigamestarter\trainingframework\debug-angle\gsmenu.obj
d:\gameloft\lesson5\minigamestarter\trainingframework\debug-angle\gsintro.obj
d:\gameloft\lesson5\minigamestarter\trainingframework\debug-angle\gamestatemachine.obj
d:\gameloft\lesson5\minigamestarter\trainingframework\debug-angle\gamestatebase.obj
d:\gameloft\lesson5\minigamestarter\trainingframework\debug-angle\texture.obj
d:\gameloft\lesson5\minigamestarter\trainingframework\debug-angle\text.obj
d:\gameloft\lesson5\minigamestarter\trainingframework\debug-angle\shader.obj
d:\gameloft\lesson5\minigamestarter\trainingframework\debug-angle\model.obj
d:\gameloft\lesson5\minigamestarter\trainingframework\debug-angle\sprite3d.obj
d:\gameloft\lesson5\minigamestarter\trainingframework\debug-angle\camera.obj
d:\gameloft\lesson5\minigamestarter\trainingframework\debug-angle\sprite2d.obj
d:\gameloft\lesson5\minigamestarter\trainingframework\debug-angle\gamebutton.obj
d:\gameloft\lesson5\minigamestarter\trainingframework\debug-angle\font.obj
d:\gameloft\lesson5\minigamestarter\trainingframework\debug-angle\resourcemanagers.obj
d:\gameloft\lesson5\minigamestarter\trainingframework\debug-angle\application.obj
d:\gameloft\lesson5\minigamestarter\trainingframework\debug-angle\gscredit.obj
d:\gameloft\lesson5\minigamestarter\trainingframework\debug-angle\hero.obj
d:\gameloft\lesson5\minigamestarter\bin-angle\trainingframework.exe
d:\gameloft\lesson5\minigamestarter\bin-angle\trainingframework.ilk
d:\gameloft\lesson5\minigamestarter\bin-angle\trainingframework.pdb
d:\gameloft\lesson5\minigamestarter\\bin-angle\trainingframework.pdb
d:\gameloft\lesson5\minigamestarter\trainingframework\debug-angle\training.fc024ec8.tlog\cl.command.1.tlog
d:\gameloft\lesson5\minigamestarter\trainingframework\debug-angle\training.fc024ec8.tlog\cl.read.1.tlog
d:\gameloft\lesson5\minigamestarter\trainingframework\debug-angle\training.fc024ec8.tlog\cl.write.1.tlog
d:\gameloft\lesson5\minigamestarter\trainingframework\debug-angle\training.fc024ec8.tlog\link-cvtres.read.1.tlog
d:\gameloft\lesson5\minigamestarter\trainingframework\debug-angle\training.fc024ec8.tlog\link-cvtres.write.1.tlog
d:\gameloft\lesson5\minigamestarter\trainingframework\debug-angle\training.fc024ec8.tlog\link-rc.read.1.tlog
d:\gameloft\lesson5\minigamestarter\trainingframework\debug-angle\training.fc024ec8.tlog\link-rc.write.1.tlog
d:\gameloft\lesson5\minigamestarter\trainingframework\debug-angle\training.fc024ec8.tlog\link.8944-cvtres.read.1.tlog
d:\gameloft\lesson5\minigamestarter\trainingframework\debug-angle\training.fc024ec8.tlog\link.8944-cvtres.write.1.tlog
d:\gameloft\lesson5\minigamestarter\trainingframework\debug-angle\training.fc024ec8.tlog\link.8944-rc.read.1.tlog
d:\gameloft\lesson5\minigamestarter\trainingframework\debug-angle\training.fc024ec8.tlog\link.8944-rc.write.1.tlog
d:\gameloft\lesson5\minigamestarter\trainingframework\debug-angle\training.fc024ec8.tlog\link.8944.read.1.tlog
d:\gameloft\lesson5\minigamestarter\trainingframework\debug-angle\training.fc024ec8.tlog\link.8944.write.1.tlog
d:\gameloft\lesson5\minigamestarter\trainingframework\debug-angle\training.fc024ec8.tlog\link.command.1.tlog
d:\gameloft\lesson5\minigamestarter\trainingframework\debug-angle\training.fc024ec8.tlog\link.read.1.tlog
d:\gameloft\lesson5\minigamestarter\trainingframework\debug-angle\training.fc024ec8.tlog\link.write.1.tlog
