  AnimationSprite.cpp
D:\Gameloft\Lesson5\MiniGameStarter\TrainingFramework\AnimationSprite.cpp(78,39): warning C4244: 'argument': conversion from 'int' to 'GLfloat', possible loss of data
D:\Gameloft\Lesson5\MiniGameStarter\TrainingFramework\AnimationSprite.cpp(83,39): warning C4244: 'argument': conversion from 'int' to 'GLfloat', possible loss of data
  Bomb.cpp
  GSCredit.cpp
D:\Gameloft\Lesson5\MiniGameStarter\TrainingFramework\GSCredit.cpp(50,53): warning C4244: 'argument': conversion from 'int' to 'GLfloat', possible loss of data
D:\Gameloft\Lesson5\MiniGameStarter\TrainingFramework\GSCredit.cpp(53,57): warning C4244: 'argument': conversion from 'int' to 'GLfloat', possible loss of data
C:\Program Files (x86)\Microsoft Visual Studio\2019\Community\VC\Tools\MSVC\14.28.29910\include\xutility(138,73): warning C4244: 'argument': conversion from '_Ty' to 'float', possible loss of data
          with
          [
              _Ty=double
          ]
C:\Program Files (x86)\Microsoft Visual Studio\2019\Community\VC\Tools\MSVC\14.28.29910\include\memory(2194): message : see reference to function template instantiation 'void std::_Construct_in_place<_Ty,std::shared_ptr<Shader>&,std::shared_ptr<Font>&,const char(&)[30],TextColor,double>(_Ty &,std::shared_ptr<Shader> &,std::shared_ptr<Font> &,const char (&)[30],TextColor &&,double &&) noexcept(false)' being compiled
          with
          [
              _Ty=Text
          ]
C:\Program Files (x86)\Microsoft Visual Studio\2019\Community\VC\Tools\MSVC\14.28.29910\include\memory(2907): message : see reference to function template instantiation 'std::_Ref_count_obj2<_Ty>::_Ref_count_obj2<std::shared_ptr<Shader>&,std::shared_ptr<Font>&,const char(&)[30],TextColor,double>(std::shared_ptr<Shader> &,std::shared_ptr<Font> &,const char (&)[30],TextColor &&,double &&)' being compiled
          with
          [
              _Ty=Text
          ]
C:\Program Files (x86)\Microsoft Visual Studio\2019\Community\VC\Tools\MSVC\14.28.29910\include\memory(2907): message : see reference to function template instantiation 'std::_Ref_count_obj2<_Ty>::_Ref_count_obj2<std::shared_ptr<Shader>&,std::shared_ptr<Font>&,const char(&)[30],TextColor,double>(std::shared_ptr<Shader> &,std::shared_ptr<Font> &,const char (&)[30],TextColor &&,double &&)' being compiled
          with
          [
              _Ty=Text
          ]
D:\Gameloft\Lesson5\MiniGameStarter\TrainingFramework\GSCredit.cpp(49): message : see reference to function template instantiation 'std::shared_ptr<Text> std::make_shared<Text,std::shared_ptr<Shader>&,std::shared_ptr<Font>&,const char(&)[30],TextColor,double>(std::shared_ptr<Shader> &,std::shared_ptr<Font> &,const char (&)[30],TextColor &&,double &&)' being compiled
  GSEnd.cpp
D:\Gameloft\Lesson5\MiniGameStarter\TrainingFramework\GSEnd.cpp(57,78): warning C4244: 'argument': conversion from 'int' to 'GLfloat', possible loss of data
D:\Gameloft\Lesson5\MiniGameStarter\TrainingFramework\GSEnd.cpp(57,51): warning C4244: 'argument': conversion from 'int' to 'GLfloat', possible loss of data
D:\Gameloft\Lesson5\MiniGameStarter\TrainingFramework\GSEnd.cpp(60,85): warning C4244: 'argument': conversion from 'int' to 'GLfloat', possible loss of data
D:\Gameloft\Lesson5\MiniGameStarter\TrainingFramework\GSEnd.cpp(60,53): warning C4244: 'argument': conversion from 'int' to 'GLfloat', possible loss of data
C:\Program Files (x86)\Microsoft Visual Studio\2019\Community\VC\Tools\MSVC\14.28.29910\include\xutility(138,73): warning C4244: 'argument': conversion from '_Ty' to 'float', possible loss of data
          with
          [
              _Ty=double
          ]
C:\Program Files (x86)\Microsoft Visual Studio\2019\Community\VC\Tools\MSVC\14.28.29910\include\memory(2194): message : see reference to function template instantiation 'void std::_Construct_in_place<_Ty,std::shared_ptr<Shader>&,std::shared_ptr<Font>&,std::basic_string<char,std::char_traits<char>,std::allocator<char>>,TextColor,double>(_Ty &,std::shared_ptr<Shader> &,std::shared_ptr<Font> &,std::basic_string<char,std::char_traits<char>,std::allocator<char>> &&,TextColor &&,double &&) noexcept(false)' being compiled
          with
          [
              _Ty=Text
          ]
C:\Program Files (x86)\Microsoft Visual Studio\2019\Community\VC\Tools\MSVC\14.28.29910\include\memory(2907): message : see reference to function template instantiation 'std::_Ref_count_obj2<_Ty>::_Ref_count_obj2<std::shared_ptr<Shader>&,std::shared_ptr<Font>&,std::basic_string<char,std::char_traits<char>,std::allocator<char>>,TextColor,double>(std::shared_ptr<Shader> &,std::shared_ptr<Font> &,std::basic_string<char,std::char_traits<char>,std::allocator<char>> &&,TextColor &&,double &&)' being compiled
          with
          [
              _Ty=Text
          ]
C:\Program Files (x86)\Microsoft Visual Studio\2019\Community\VC\Tools\MSVC\14.28.29910\include\memory(2907): message : see reference to function template instantiation 'std::_Ref_count_obj2<_Ty>::_Ref_count_obj2<std::shared_ptr<Shader>&,std::shared_ptr<Font>&,std::basic_string<char,std::char_traits<char>,std::allocator<char>>,TextColor,double>(std::shared_ptr<Shader> &,std::shared_ptr<Font> &,std::basic_string<char,std::char_traits<char>,std::allocator<char>> &&,TextColor &&,double &&)' being compiled
          with
          [
              _Ty=Text
          ]
D:\Gameloft\Lesson5\MiniGameStarter\TrainingFramework\GSEnd.cpp(56): message : see reference to function template instantiation 'std::shared_ptr<Text> std::make_shared<Text,std::shared_ptr<Shader>&,std::shared_ptr<Font>&,std::basic_string<char,std::char_traits<char>,std::allocator<char>>,TextColor,double>(std::shared_ptr<Shader> &,std::shared_ptr<Font> &,std::basic_string<char,std::char_traits<char>,std::allocator<char>> &&,TextColor &&,double &&)' being compiled
  GSHowToPlay.cpp
D:\Gameloft\Lesson5\MiniGameStarter\TrainingFramework\GSHowToPlay.cpp(50,57): warning C4244: 'argument': conversion from 'int' to 'GLfloat', possible loss of data
D:\Gameloft\Lesson5\MiniGameStarter\TrainingFramework\GSHowToPlay.cpp(53,54): warning C4244: 'argument': conversion from 'int' to 'GLfloat', possible loss of data
D:\Gameloft\Lesson5\MiniGameStarter\TrainingFramework\GSHowToPlay.cpp(56,58): warning C4244: 'argument': conversion from 'int' to 'GLfloat', possible loss of data
C:\Program Files (x86)\Microsoft Visual Studio\2019\Community\VC\Tools\MSVC\14.28.29910\include\xutility(138,73): warning C4244: 'argument': conversion from '_Ty' to 'float', possible loss of data
          with
          [
              _Ty=double
          ]
C:\Program Files (x86)\Microsoft Visual Studio\2019\Community\VC\Tools\MSVC\14.28.29910\include\memory(2194): message : see reference to function template instantiation 'void std::_Construct_in_place<_Ty,std::shared_ptr<Shader>&,std::shared_ptr<Font>&,const char(&)[20],TextColor,double>(_Ty &,std::shared_ptr<Shader> &,std::shared_ptr<Font> &,const char (&)[20],TextColor &&,double &&) noexcept(false)' being compiled
          with
          [
              _Ty=Text
          ]
C:\Program Files (x86)\Microsoft Visual Studio\2019\Community\VC\Tools\MSVC\14.28.29910\include\memory(2907): message : see reference to function template instantiation 'std::_Ref_count_obj2<_Ty>::_Ref_count_obj2<std::shared_ptr<Shader>&,std::shared_ptr<Font>&,const char(&)[20],TextColor,double>(std::shared_ptr<Shader> &,std::shared_ptr<Font> &,const char (&)[20],TextColor &&,double &&)' being compiled
          with
          [
              _Ty=Text
          ]
C:\Program Files (x86)\Microsoft Visual Studio\2019\Community\VC\Tools\MSVC\14.28.29910\include\memory(2907): message : see reference to function template instantiation 'std::_Ref_count_obj2<_Ty>::_Ref_count_obj2<std::shared_ptr<Shader>&,std::shared_ptr<Font>&,const char(&)[20],TextColor,double>(std::shared_ptr<Shader> &,std::shared_ptr<Font> &,const char (&)[20],TextColor &&,double &&)' being compiled
          with
          [
              _Ty=Text
          ]
D:\Gameloft\Lesson5\MiniGameStarter\TrainingFramework\GSHowToPlay.cpp(49): message : see reference to function template instantiation 'std::shared_ptr<Text> std::make_shared<Text,std::shared_ptr<Shader>&,std::shared_ptr<Font>&,const char(&)[20],TextColor,double>(std::shared_ptr<Shader> &,std::shared_ptr<Font> &,const char (&)[20],TextColor &&,double &&)' being compiled
  GSLeader.cpp
D:\Gameloft\Lesson5\MiniGameStarter\TrainingFramework\GSLeader.cpp(59,83): warning C4244: 'argument': conversion from 'int' to 'GLfloat', possible loss of data
D:\Gameloft\Lesson5\MiniGameStarter\TrainingFramework\GSLeader.cpp(59,54): warning C4244: 'argument': conversion from 'int' to 'GLfloat', possible loss of data
C:\Program Files (x86)\Microsoft Visual Studio\2019\Community\VC\Tools\MSVC\14.28.29910\include\xutility(138,73): warning C4244: 'argument': conversion from '_Ty' to 'float', possible loss of data
          with
          [
              _Ty=double
          ]
C:\Program Files (x86)\Microsoft Visual Studio\2019\Community\VC\Tools\MSVC\14.28.29910\include\memory(2194): message : see reference to function template instantiation 'void std::_Construct_in_place<_Ty,std::shared_ptr<Shader>&,std::shared_ptr<Font>&,std::basic_string<char,std::char_traits<char>,std::allocator<char>>,TextColor,double>(_Ty &,std::shared_ptr<Shader> &,std::shared_ptr<Font> &,std::basic_string<char,std::char_traits<char>,std::allocator<char>> &&,TextColor &&,double &&) noexcept(false)' being compiled
          with
          [
              _Ty=Text
          ]
C:\Program Files (x86)\Microsoft Visual Studio\2019\Community\VC\Tools\MSVC\14.28.29910\include\memory(2907): message : see reference to function template instantiation 'std::_Ref_count_obj2<_Ty>::_Ref_count_obj2<std::shared_ptr<Shader>&,std::shared_ptr<Font>&,std::basic_string<char,std::char_traits<char>,std::allocator<char>>,TextColor,double>(std::shared_ptr<Shader> &,std::shared_ptr<Font> &,std::basic_string<char,std::char_traits<char>,std::allocator<char>> &&,TextColor &&,double &&)' being compiled
          with
          [
              _Ty=Text
          ]
C:\Program Files (x86)\Microsoft Visual Studio\2019\Community\VC\Tools\MSVC\14.28.29910\include\memory(2907): message : see reference to function template instantiation 'std::_Ref_count_obj2<_Ty>::_Ref_count_obj2<std::shared_ptr<Shader>&,std::shared_ptr<Font>&,std::basic_string<char,std::char_traits<char>,std::allocator<char>>,TextColor,double>(std::shared_ptr<Shader> &,std::shared_ptr<Font> &,std::basic_string<char,std::char_traits<char>,std::allocator<char>> &&,TextColor &&,double &&)' being compiled
          with
          [
              _Ty=Text
          ]
D:\Gameloft\Lesson5\MiniGameStarter\TrainingFramework\GSLeader.cpp(58): message : see reference to function template instantiation 'std::shared_ptr<Text> std::make_shared<Text,std::shared_ptr<Shader>&,std::shared_ptr<Font>&,std::basic_string<char,std::char_traits<char>,std::allocator<char>>,TextColor,double>(std::shared_ptr<Shader> &,std::shared_ptr<Font> &,std::basic_string<char,std::char_traits<char>,std::allocator<char>> &&,TextColor &&,double &&)' being compiled
  Application.cpp
C:\Program Files (x86)\Microsoft Visual Studio\2019\Community\VC\Tools\MSVC\14.28.29910\include\xutility(138,73): warning C4244: 'argument': conversion from 'int' to 'GLfloat', possible loss of data
C:\Program Files (x86)\Microsoft Visual Studio\2019\Community\VC\Tools\MSVC\14.28.29910\include\memory(2194): message : see reference to function template instantiation 'void std::_Construct_in_place<_Ty,int,int,int&,int,int&,float,float,float>(_Ty &,int &&,int &&,int &,int &&,int &,float &&,float &&,float &&) noexcept(false)' being compiled
          with
          [
              _Ty=Camera
          ]
C:\Program Files (x86)\Microsoft Visual Studio\2019\Community\VC\Tools\MSVC\14.28.29910\include\memory(2907): message : see reference to function template instantiation 'std::_Ref_count_obj2<_Ty>::_Ref_count_obj2<int,int,int&,int,int&,float,float,float>(int &&,int &&,int &,int &&,int &,float &&,float &&,float &&)' being compiled
          with
          [
              _Ty=Camera
          ]
C:\Program Files (x86)\Microsoft Visual Studio\2019\Community\VC\Tools\MSVC\14.28.29910\include\memory(2907): message : see reference to function template instantiation 'std::_Ref_count_obj2<_Ty>::_Ref_count_obj2<int,int,int&,int,int&,float,float,float>(int &&,int &&,int &,int &&,int &,float &&,float &&,float &&)' being compiled
          with
          [
              _Ty=Camera
          ]
D:\Gameloft\Lesson5\MiniGameStarter\TrainingFramework\src\Application.cpp(22): message : see reference to function template instantiation 'std::shared_ptr<Camera> std::make_shared<Camera,int,int,int&,int,int&,float,float,float>(int &&,int &&,int &,int &&,int &,float &&,float &&,float &&)' being compiled
C:\Program Files (x86)\Microsoft Visual Studio\2019\Community\VC\Tools\MSVC\14.28.29910\include\xutility(138,73): warning C4244: 'argument': conversion from '_Ty' to 'GLfloat', possible loss of data
          with
          [
              _Ty=int
          ]
  ResourceManagers.cpp
  Camera.cpp
  Enemy.cpp
  Font.cpp
  GameButton.cpp
  Hero.cpp
  Model.cpp
D:\Gameloft\Lesson5\MiniGameStarter\TrainingFramework\src\GameObject\Model.cpp(25,18): warning C4244: 'initializing': conversion from 'std::streamoff' to 'size_t', possible loss of data
  Shader.cpp
  Sprite2D.cpp
  Sprite3D.cpp
  Text.cpp
  Texture.cpp
  GSIntro.cpp
  Compiling...
  GSMenu.cpp
  GSPlay.cpp
C:\Program Files (x86)\Microsoft Visual Studio\2019\Community\VC\Tools\MSVC\14.28.29910\include\xutility(138,73): warning C4244: 'argument': conversion from '_Ty' to 'float', possible loss of data
          with
          [
              _Ty=double
          ]
C:\Program Files (x86)\Microsoft Visual Studio\2019\Community\VC\Tools\MSVC\14.28.29910\include\memory(2194): message : see reference to function template instantiation 'void std::_Construct_in_place<_Ty,std::shared_ptr<Shader>&,std::shared_ptr<Font>&,std::basic_string<char,std::char_traits<char>,std::allocator<char>>,TextColor,double>(_Ty &,std::shared_ptr<Shader> &,std::shared_ptr<Font> &,std::basic_string<char,std::char_traits<char>,std::allocator<char>> &&,TextColor &&,double &&) noexcept(false)' being compiled
          with
          [
              _Ty=Text
          ]
C:\Program Files (x86)\Microsoft Visual Studio\2019\Community\VC\Tools\MSVC\14.28.29910\include\memory(2907): message : see reference to function template instantiation 'std::_Ref_count_obj2<_Ty>::_Ref_count_obj2<std::shared_ptr<Shader>&,std::shared_ptr<Font>&,std::basic_string<char,std::char_traits<char>,std::allocator<char>>,TextColor,double>(std::shared_ptr<Shader> &,std::shared_ptr<Font> &,std::basic_string<char,std::char_traits<char>,std::allocator<char>> &&,TextColor &&,double &&)' being compiled
          with
          [
              _Ty=Text
          ]
C:\Program Files (x86)\Microsoft Visual Studio\2019\Community\VC\Tools\MSVC\14.28.29910\include\memory(2907): message : see reference to function template instantiation 'std::_Ref_count_obj2<_Ty>::_Ref_count_obj2<std::shared_ptr<Shader>&,std::shared_ptr<Font>&,std::basic_string<char,std::char_traits<char>,std::allocator<char>>,TextColor,double>(std::shared_ptr<Shader> &,std::shared_ptr<Font> &,std::basic_string<char,std::char_traits<char>,std::allocator<char>> &&,TextColor &&,double &&)' being compiled
          with
          [
              _Ty=Text
          ]
D:\Gameloft\Lesson5\MiniGameStarter\TrainingFramework\src\GameStates\GSPlay.cpp(74): message : see reference to function template instantiation 'std::shared_ptr<Text> std::make_shared<Text,std::shared_ptr<Shader>&,std::shared_ptr<Font>&,std::basic_string<char,std::char_traits<char>,std::allocator<char>>,TextColor,double>(std::shared_ptr<Shader> &,std::shared_ptr<Font> &,std::basic_string<char,std::char_traits<char>,std::allocator<char>> &&,TextColor &&,double &&)' being compiled
  GameStateBase.cpp
  GameStateMachine.cpp
  TrainingFramework.cpp
LINK : warning LNK4098: defaultlib 'LIBCMT' conflicts with use of other libs; use /NODEFAULTLIB:library
  Generating code
  Finished generating code
  139 of 1774 functions ( 7.8%) were compiled, the rest were copied from previous compilation.
    8 functions were new in current compilation
    34 functions had inline decision re-evaluated but remain unchanged
  TrainingFramework.vcxproj -> D:\Gameloft\Lesson5\MiniGameStarter\BIN-Angle\TrainingFramework.exe
