d:\gameloft\lesson5\minigamestarter\trainingframework\release-angle\vc142.pdb
d:\gameloft\lesson5\minigamestarter\trainingframework\release-angle\gamestatebase.obj
d:\gameloft\lesson5\minigamestarter\trainingframework\release-angle\texture.obj
d:\gameloft\lesson5\minigamestarter\trainingframework\release-angle\text.obj
d:\gameloft\lesson5\minigamestarter\trainingframework\release-angle\shader.obj
d:\gameloft\lesson5\minigamestarter\trainingframework\release-angle\model.obj
d:\gameloft\lesson5\minigamestarter\trainingframework\release-angle\sprite3d.obj
d:\gameloft\lesson5\minigamestarter\trainingframework\release-angle\camera.obj
d:\gameloft\lesson5\minigamestarter\trainingframework\release-angle\sprite2d.obj
d:\gameloft\lesson5\minigamestarter\trainingframework\release-angle\hero.obj
d:\gameloft\lesson5\minigamestarter\trainingframework\release-angle\gamebutton.obj
d:\gameloft\lesson5\minigamestarter\trainingframework\release-angle\font.obj
d:\gameloft\lesson5\minigamestarter\trainingframework\release-angle\enemy.obj
d:\gameloft\lesson5\minigamestarter\trainingframework\release-angle\resourcemanagers.obj
d:\gameloft\lesson5\minigamestarter\trainingframework\release-angle\application.obj
d:\gameloft\lesson5\minigamestarter\trainingframework\release-angle\gsleader.obj
d:\gameloft\lesson5\minigamestarter\trainingframework\release-angle\gshowtoplay.obj
d:\gameloft\lesson5\minigamestarter\trainingframework\release-angle\gsend.obj
d:\gameloft\lesson5\minigamestarter\trainingframework\release-angle\gscredit.obj
d:\gameloft\lesson5\minigamestarter\trainingframework\release-angle\bomb.obj
d:\gameloft\lesson5\minigamestarter\trainingframework\release-angle\animationsprite.obj
d:\gameloft\lesson5\minigamestarter\trainingframework\release-angle\trainingframework.obj
d:\gameloft\lesson5\minigamestarter\trainingframework\release-angle\gsplay.obj
d:\gameloft\lesson5\minigamestarter\trainingframework\release-angle\gsmenu.obj
d:\gameloft\lesson5\minigamestarter\trainingframework\release-angle\gsintro.obj
d:\gameloft\lesson5\minigamestarter\trainingframework\release-angle\gamestatemachine.obj
d:\gameloft\lesson5\minigamestarter\bin-angle\trainingframework.exe
d:\gameloft\lesson5\minigamestarter\trainingframework\release-angle\trainingframework.ipdb
d:\gameloft\lesson5\minigamestarter\trainingframework\release-angle\trainingframework.iobj
d:\gameloft\lesson5\minigamestarter\bin-angle\trainingframework.pdb
d:\gameloft\lesson5\minigamestarter\\bin-angle\trainingframework.pdb
d:\gameloft\lesson5\minigamestarter\trainingframework\release-angle\training.fc024ec8.tlog\cl.command.1.tlog
d:\gameloft\lesson5\minigamestarter\trainingframework\release-angle\training.fc024ec8.tlog\cl.read.1.tlog
d:\gameloft\lesson5\minigamestarter\trainingframework\release-angle\training.fc024ec8.tlog\cl.write.1.tlog
d:\gameloft\lesson5\minigamestarter\trainingframework\release-angle\training.fc024ec8.tlog\link.command.1.tlog
d:\gameloft\lesson5\minigamestarter\trainingframework\release-angle\training.fc024ec8.tlog\link.read.1.tlog
d:\gameloft\lesson5\minigamestarter\trainingframework\release-angle\training.fc024ec8.tlog\link.write.1.tlog
