d:\gameloft\lesson5\minigamestarter\freetype\objs\vc2019\win32\release\ftdebug.obj
d:\gameloft\lesson5\minigamestarter\freetype\objs\vc2019\win32\release\cff.obj
d:\gameloft\lesson5\minigamestarter\freetype\objs\vc2019\win32\release\pshinter.obj
d:\gameloft\lesson5\minigamestarter\freetype\objs\vc2019\win32\release\truetype.obj
d:\gameloft\lesson5\minigamestarter\freetype\objs\vc2019\win32\release\ftcache.obj
d:\gameloft\lesson5\minigamestarter\freetype\objs\vc2019\win32\release\ftglyph.obj
d:\gameloft\lesson5\minigamestarter\freetype\objs\vc2019\win32\release\ftgzip.obj
d:\gameloft\lesson5\minigamestarter\freetype\objs\vc2019\win32\release\pcf.obj
d:\gameloft\lesson5\minigamestarter\freetype\objs\vc2019\win32\release\psmodule.obj
d:\gameloft\lesson5\minigamestarter\freetype\objs\vc2019\win32\release\type1.obj
d:\gameloft\lesson5\minigamestarter\freetype\objs\vc2019\win32\release\type42.obj
d:\gameloft\lesson5\minigamestarter\freetype\objs\vc2019\win32\release\bdf.obj
d:\gameloft\lesson5\minigamestarter\freetype\objs\vc2019\win32\release\ftinit.obj
d:\gameloft\lesson5\minigamestarter\freetype\objs\vc2019\win32\release\ftlzw.obj
d:\gameloft\lesson5\minigamestarter\freetype\objs\vc2019\win32\release\smooth.obj
d:\gameloft\lesson5\minigamestarter\freetype\objs\vc2019\win32\release\psaux.obj
d:\gameloft\lesson5\minigamestarter\freetype\objs\vc2019\win32\release\sfnt.obj
d:\gameloft\lesson5\minigamestarter\freetype\objs\vc2019\win32\release\ftbase.obj
d:\gameloft\lesson5\minigamestarter\freetype\objs\vc2019\win32\release\ftsystem.obj
d:\gameloft\lesson5\minigamestarter\freetype\objs\vc2019\win32\release\ftmm.obj
d:\gameloft\lesson5\minigamestarter\freetype\objs\vc2019\win32\release\pfr.obj
d:\gameloft\lesson5\minigamestarter\freetype\objs\vc2019\win32\release\raster.obj
d:\gameloft\lesson5\minigamestarter\freetype\objs\vc2019\win32\release\type1cid.obj
d:\gameloft\lesson5\minigamestarter\freetype\objs\vc2019\win32\release\winfnt.obj
d:\gameloft\lesson5\minigamestarter\freetype\objs\vc2019\win32\release\ftfstype.obj
d:\gameloft\lesson5\minigamestarter\freetype\objs\vc2019\win32\release\ftbbox.obj
d:\gameloft\lesson5\minigamestarter\freetype\objs\vc2019\win32\release\ftlcdfil.obj
d:\gameloft\lesson5\minigamestarter\freetype\objs\vc2019\win32\release\ftbitmap.obj
d:\gameloft\lesson5\minigamestarter\freetype\objs\vc2019\win32\release\ftpfr.obj
d:\gameloft\lesson5\minigamestarter\freetype\objs\vc2019\win32\release\fttype1.obj
d:\gameloft\lesson5\minigamestarter\freetype\objs\vc2019\win32\release\ftwinfnt.obj
d:\gameloft\lesson5\minigamestarter\freetype\objs\vc2019\win32\release\ftotval.obj
d:\gameloft\lesson5\minigamestarter\freetype\objs\vc2019\win32\release\ftpatent.obj
d:\gameloft\lesson5\minigamestarter\freetype\objs\vc2019\win32\release\ftgasp.obj
d:\gameloft\lesson5\minigamestarter\freetype\objs\vc2019\win32\release\ftstroke.obj
d:\gameloft\lesson5\minigamestarter\freetype\objs\vc2019\win32\release\ftsynth.obj
d:\gameloft\lesson5\minigamestarter\freetype\objs\vc2019\win32\release\ftxf86.obj
d:\gameloft\lesson5\minigamestarter\freetype\objs\vc2019\win32\release\ftgxval.obj
d:\gameloft\lesson5\minigamestarter\freetype\objs\vc2019\win32\release\autofit.obj
d:\gameloft\lesson5\minigamestarter\freetype\objs\vc2019\win32\freetype.lib
d:\gameloft\lesson5\minigamestarter\freetype\objs\vc2019\win32\release\freetype.tlog\cl.command.1.tlog
d:\gameloft\lesson5\minigamestarter\freetype\objs\vc2019\win32\release\freetype.tlog\cl.read.1.tlog
d:\gameloft\lesson5\minigamestarter\freetype\objs\vc2019\win32\release\freetype.tlog\cl.write.1.tlog
d:\gameloft\lesson5\minigamestarter\freetype\objs\vc2019\win32\release\freetype.tlog\lib-link.read.1.tlog
d:\gameloft\lesson5\minigamestarter\freetype\objs\vc2019\win32\release\freetype.tlog\lib-link.write.1.tlog
d:\gameloft\lesson5\minigamestarter\freetype\objs\vc2019\win32\release\freetype.tlog\lib.command.1.tlog
